{
  "stats": {
    "suites": 3,
    "tests": 4,
    "passes": 4,
    "pending": 0,
    "failures": 0,
    "start": "2025-10-30T08:07:22.388Z",
    "end": "2025-10-30T08:07:39.910Z",
    "duration": 17522,
    "testsRegistered": 4,
    "passPercent": 100,
    "pendingPercent": 0,
    "other": 0,
    "hasOther": false,
    "skipped": 0,
    "hasSkipped": false
  },
  "results": [
    {
      "uuid": "c721e757-8c68-45bb-8982-dd38c88b2e9a",
      "title": "",
      "fullFile": "D:\\Bootcamp Digital Skola\\DigitalSkolaQA\\Tugas_Sesi_9\\WEB UI Automation - Robby\\test\\Sesi_11\\sesi_11.js",
      "file": "\\test\\Sesi_11\\sesi_11.js",
      "beforeHooks": [],
      "afterHooks": [],
      "tests": [],
      "suites": [
        {
          "uuid": "71a00ff3-cfa4-4a80-99ec-aaaa40e9d580",
          "title": "Sesi 11 - Web Automation Pt.2",
          "fullFile": "D:\\Bootcamp Digital Skola\\DigitalSkolaQA\\Tugas_Sesi_9\\WEB UI Automation - Robby\\test\\Sesi_11\\sesi_11.js",
          "file": "\\test\\Sesi_11\\sesi_11.js",
          "beforeHooks": [],
          "afterHooks": [
            {
              "title": "\"after each\" hook in \"Sesi 11 - Web Automation Pt.2\"",
              "fullTitle": "Sesi 11 - Web Automation Pt.2 \"after each\" hook in \"Sesi 11 - Web Automation Pt.2\"",
              "timedOut": false,
              "duration": 867,
              "state": null,
              "speed": null,
              "pass": false,
              "fail": false,
              "pending": false,
              "context": null,
              "code": "if (driver) {\n  await driver.quit();\n}",
              "err": {},
              "uuid": "36192baf-1aa1-48cf-a229-1e5c9bda9749",
              "parentUUID": "71a00ff3-cfa4-4a80-99ec-aaaa40e9d580",
              "isHook": true,
              "skipped": false
            }
          ],
          "tests": [],
          "suites": [
            {
              "uuid": "872e680f-6896-4178-95c6-95a4312bee6f",
              "title": "Chrome Tests",
              "fullFile": "D:\\Bootcamp Digital Skola\\DigitalSkolaQA\\Tugas_Sesi_9\\WEB UI Automation - Robby\\test\\Sesi_11\\sesi_11.js",
              "file": "\\test\\Sesi_11\\sesi_11.js",
              "beforeHooks": [
                {
                  "title": "\"before each\" hook in \"Chrome Tests\"",
                  "fullTitle": "Sesi 11 - Web Automation Pt.2 Chrome Tests \"before each\" hook in \"Chrome Tests\"",
                  "timedOut": false,
                  "duration": 665,
                  "state": null,
                  "speed": null,
                  "pass": false,
                  "fail": false,
                  "pending": false,
                  "context": null,
                  "code": "const options = new chrome.Options();\noptions.addArguments(\"--headless\");\ndriver = await new Builder()\n  .forBrowser(\"chrome\")\n  .setChromeOptions(options)\n  .build();",
                  "err": {},
                  "uuid": "140a7468-2f8c-4a2a-b959-566f1a469264",
                  "parentUUID": "872e680f-6896-4178-95c6-95a4312bee6f",
                  "isHook": true,
                  "skipped": false
                }
              ],
              "afterHooks": [],
              "tests": [
                {
                  "title": "Login ke web SauceDemo dan cek Page Title",
                  "fullTitle": "Sesi 11 - Web Automation Pt.2 Chrome Tests Login ke web SauceDemo dan cek Page Title",
                  "timedOut": false,
                  "duration": 3093,
                  "state": "passed",
                  "speed": "slow",
                  "pass": true,
                  "fail": false,
                  "pending": false,
                  "context": null,
                  "code": "await performLogin(driver, \"ss_chrome\");\nawait performVisualTest(driver);",
                  "err": {},
                  "uuid": "5c1a6f06-eb64-4b17-af4e-4e7db8a3c286",
                  "parentUUID": "872e680f-6896-4178-95c6-95a4312bee6f",
                  "isHook": false,
                  "skipped": false
                },
                {
                  "title": "Sorting produk di SauceDemo (Z -> A)",
                  "fullTitle": "Sesi 11 - Web Automation Pt.2 Chrome Tests Sorting produk di SauceDemo (Z -> A)",
                  "timedOut": false,
                  "duration": 1899,
                  "state": "passed",
                  "speed": "slow",
                  "pass": true,
                  "fail": false,
                  "pending": false,
                  "context": null,
                  "code": "await driver.get(\"https://www.saucedemo.com/\");\nawait driver\n  .findElement(pageLogin.inputUsername)\n  .sendKeys(\"standard_user\");\nawait driver\n  .findElement(pageLogin.inputPassword)\n  .sendKeys(\"secret_sauce\");\nawait driver.findElement(pageLogin.buttonLogin).click();\nawait driver.wait(until.urlContains(\"inventory\"), 5000);\n// Sorting Z -> A\nawait driver.findElement(pageSort.dropdownSort).click();\nawait driver.findElement(pageSort.optionZA).click();\nawait driver.sleep(1000);\n// Verify sorting\nconst productElements = await driver.findElements(pageSort.productNames);\nconst productNames = await Promise.all(\n  productElements.map(async (el) => await el.getText())\n);\nconst expectedNames = [...productNames].sort((a, b) =>\n  b.localeCompare(a)\n);\nassert.deepStrictEqual(productNames, expectedNames);\nconsole.log(\"CHROME Sorting Z → A berhasil dan urutannya benar!\");",
                  "err": {},
                  "uuid": "3f2b4c5d-e6c3-4b16-83d9-ca01f2d84384",
                  "parentUUID": "872e680f-6896-4178-95c6-95a4312bee6f",
                  "isHook": false,
                  "skipped": false
                }
              ],
              "suites": [],
              "passes": [
                "5c1a6f06-eb64-4b17-af4e-4e7db8a3c286",
                "3f2b4c5d-e6c3-4b16-83d9-ca01f2d84384"
              ],
              "failures": [],
              "pending": [],
              "skipped": [],
              "duration": 4992,
              "root": false,
              "rootEmpty": false,
              "_timeout": 60000
            },
            {
              "uuid": "ab5dd59c-9e68-4cce-bc25-8e0e9ca71a60",
              "title": "Firefox Tests",
              "fullFile": "D:\\Bootcamp Digital Skola\\DigitalSkolaQA\\Tugas_Sesi_9\\WEB UI Automation - Robby\\test\\Sesi_11\\sesi_11.js",
              "file": "\\test\\Sesi_11\\sesi_11.js",
              "beforeHooks": [
                {
                  "title": "\"before each\" hook in \"Firefox Tests\"",
                  "fullTitle": "Sesi 11 - Web Automation Pt.2 Firefox Tests \"before each\" hook in \"Firefox Tests\"",
                  "timedOut": false,
                  "duration": 1739,
                  "state": null,
                  "speed": null,
                  "pass": false,
                  "fail": false,
                  "pending": false,
                  "context": null,
                  "code": "const options = new firefox.Options();\noptions.addArguments(\"--headless\");\ndriver = await new Builder()\n  .forBrowser(\"firefox\")\n  .setFirefoxOptions(options)\n  .build();",
                  "err": {},
                  "uuid": "2cc17301-cc5a-4f55-bf99-a12dec769a3c",
                  "parentUUID": "ab5dd59c-9e68-4cce-bc25-8e0e9ca71a60",
                  "isHook": true,
                  "skipped": false
                }
              ],
              "afterHooks": [],
              "tests": [
                {
                  "title": "Login ke web SauceDemo dan cek Page Title",
                  "fullTitle": "Sesi 11 - Web Automation Pt.2 Firefox Tests Login ke web SauceDemo dan cek Page Title",
                  "timedOut": false,
                  "duration": 3231,
                  "state": "passed",
                  "speed": "slow",
                  "pass": true,
                  "fail": false,
                  "pending": false,
                  "context": null,
                  "code": "await performLogin(driver, \"ss_firefox\");\nawait performVisualTest(driver);",
                  "err": {},
                  "uuid": "d292b512-d33a-43c4-8263-f9599cc00027",
                  "parentUUID": "ab5dd59c-9e68-4cce-bc25-8e0e9ca71a60",
                  "isHook": false,
                  "skipped": false
                },
                {
                  "title": "Sorting produk di SauceDemo (Z -> A)",
                  "fullTitle": "Sesi 11 - Web Automation Pt.2 Firefox Tests Sorting produk di SauceDemo (Z -> A)",
                  "timedOut": false,
                  "duration": 2137,
                  "state": "passed",
                  "speed": "slow",
                  "pass": true,
                  "fail": false,
                  "pending": false,
                  "context": null,
                  "code": "await driver.get(\"https://www.saucedemo.com/\");\nawait driver\n  .findElement(pageLogin.inputUsername)\n  .sendKeys(\"standard_user\");\nawait driver\n  .findElement(pageLogin.inputPassword)\n  .sendKeys(\"secret_sauce\");\nawait driver.findElement(pageLogin.buttonLogin).click();\nawait driver.wait(until.urlContains(\"inventory\"), 5000);\n// Sorting Z -> A\nawait driver.findElement(pageSort.dropdownSort).click();\nawait driver.findElement(pageSort.optionZA).click();\nawait driver.sleep(1000);\n// Verify sorting\nconst productElements = await driver.findElements(pageSort.productNames);\nconst productNames = await Promise.all(\n  productElements.map(async (el) => await el.getText())\n);\nconst expectedNames = [...productNames].sort((a, b) =>\n  b.localeCompare(a)\n);\nassert.deepStrictEqual(productNames, expectedNames);\nconsole.log(\"FIREFOX Sorting Z → A berhasil dan urutannya benar!\");",
                  "err": {},
                  "uuid": "43c26a76-4dd6-48ef-bb38-87c6363d0eea",
                  "parentUUID": "ab5dd59c-9e68-4cce-bc25-8e0e9ca71a60",
                  "isHook": false,
                  "skipped": false
                }
              ],
              "suites": [],
              "passes": [
                "d292b512-d33a-43c4-8263-f9599cc00027",
                "43c26a76-4dd6-48ef-bb38-87c6363d0eea"
              ],
              "failures": [],
              "pending": [],
              "skipped": [],
              "duration": 5368,
              "root": false,
              "rootEmpty": false,
              "_timeout": 60000
            }
          ],
          "passes": [],
          "failures": [],
          "pending": [],
          "skipped": [],
          "duration": 0,
          "root": false,
          "rootEmpty": false,
          "_timeout": 60000
        }
      ],
      "passes": [],
      "failures": [],
      "pending": [],
      "skipped": [],
      "duration": 0,
      "root": true,
      "rootEmpty": true,
      "_timeout": 60000
    }
  ],
  "meta": {
    "mocha": {
      "version": "11.7.4"
    },
    "mochawesome": {
      "options": {
        "quiet": false,
        "reportFilename": "mochawesome",
        "saveHtml": true,
        "saveJson": true,
        "consoleReporter": "spec",
        "useInlineDiffs": false,
        "code": true
      },
      "version": "7.1.4"
    },
    "marge": {
      "options": null,
      "version": "6.3.0"
    }
  }
}