{
  "stats": {
    "suites": 6,
    "tests": 4,
    "passes": 4,
    "pending": 0,
    "failures": 0,
    "start": "2025-10-28T09:20:12.678Z",
    "end": "2025-10-28T09:20:25.806Z",
    "duration": 13128,
    "testsRegistered": 4,
    "passPercent": 100,
    "pendingPercent": 0,
    "other": 0,
    "hasOther": false,
    "skipped": 0,
    "hasSkipped": false
  },
  "results": [
    {
      "uuid": "c4ff6d00-65ea-4926-9a94-d4671f704f04",
      "title": "",
      "fullFile": "",
      "file": "",
      "beforeHooks": [],
      "afterHooks": [],
      "tests": [],
      "suites": [
        {
          "uuid": "6010f8b2-b43a-4446-90d6-d6d1342962dc",
          "title": "Tugas Sesi 10",
          "fullFile": "D:\\Bootcamp Digital Skola\\DigitalSkolaQA\\Tugas_Sesi_9\\WEB UI Automation - Robby\\test\\Sesi_10\\login.test.js",
          "file": "\\test\\Sesi_10\\login.test.js",
          "beforeHooks": [],
          "afterHooks": [],
          "tests": [],
          "suites": [
            {
              "uuid": "c2e9d7f3-8206-4b1b-bef0-ff93903ddf80",
              "title": "Chrome",
              "fullFile": "D:\\Bootcamp Digital Skola\\DigitalSkolaQA\\Tugas_Sesi_9\\WEB UI Automation - Robby\\test\\Sesi_10\\login.test.js",
              "file": "\\test\\Sesi_10\\login.test.js",
              "beforeHooks": [
                {
                  "title": "\"before each\" hook in \"Chrome\"",
                  "fullTitle": "Tugas Sesi 10 Chrome \"before each\" hook in \"Chrome\"",
                  "timedOut": false,
                  "duration": 1957,
                  "state": null,
                  "speed": null,
                  "pass": false,
                  "fail": false,
                  "pending": false,
                  "context": null,
                  "code": "driver = await new Builder().forBrowser('chrome').setChromeOptions(new chrome.Options().addArguments('--headless')).build()\nawait login(driver);",
                  "err": {},
                  "uuid": "f9b8245d-3b41-481e-824d-d4f9ec481222",
                  "parentUUID": "c2e9d7f3-8206-4b1b-bef0-ff93903ddf80",
                  "isHook": true,
                  "skipped": false
                }
              ],
              "afterHooks": [
                {
                  "title": "\"after each\" hook in \"Chrome\"",
                  "fullTitle": "Tugas Sesi 10 Chrome \"after each\" hook in \"Chrome\"",
                  "timedOut": false,
                  "duration": 61,
                  "state": null,
                  "speed": null,
                  "pass": false,
                  "fail": false,
                  "pending": false,
                  "context": null,
                  "code": "driver.quit()",
                  "err": {},
                  "uuid": "c4fe0216-cdae-4381-b5e3-ca578a0d542b",
                  "parentUUID": "c2e9d7f3-8206-4b1b-bef0-ff93903ddf80",
                  "isHook": true,
                  "skipped": false
                }
              ],
              "tests": [
                {
                  "title": "sukses login ke web SauceDemo di browser Chrome",
                  "fullTitle": "Tugas Sesi 10 Chrome sukses login ke web SauceDemo di browser Chrome",
                  "timedOut": false,
                  "duration": 5,
                  "state": "passed",
                  "speed": "fast",
                  "pass": true,
                  "fail": false,
                  "pending": false,
                  "context": null,
                  "code": "assert.ok((await driver.getCurrentUrl()).includes('inventory'))",
                  "err": {},
                  "uuid": "93243355-8b2c-4a82-808c-c8e127ca3a85",
                  "parentUUID": "c2e9d7f3-8206-4b1b-bef0-ff93903ddf80",
                  "isHook": false,
                  "skipped": false
                }
              ],
              "suites": [],
              "passes": [
                "93243355-8b2c-4a82-808c-c8e127ca3a85"
              ],
              "failures": [],
              "pending": [],
              "skipped": [],
              "duration": 5,
              "root": false,
              "rootEmpty": false,
              "_timeout": 60000
            },
            {
              "uuid": "6fefcbb7-c5dd-4678-b3e8-28ff0a332c74",
              "title": "Firefox",
              "fullFile": "D:\\Bootcamp Digital Skola\\DigitalSkolaQA\\Tugas_Sesi_9\\WEB UI Automation - Robby\\test\\Sesi_10\\login.test.js",
              "file": "\\test\\Sesi_10\\login.test.js",
              "beforeHooks": [
                {
                  "title": "\"before each\" hook in \"Firefox\"",
                  "fullTitle": "Tugas Sesi 10 Firefox \"before each\" hook in \"Firefox\"",
                  "timedOut": false,
                  "duration": 3498,
                  "state": null,
                  "speed": null,
                  "pass": false,
                  "fail": false,
                  "pending": false,
                  "context": null,
                  "code": "driver = await new Builder().forBrowser('firefox').setFirefoxOptions(new firefox.Options().addArguments('-headless')).build()\nawait login(driver);",
                  "err": {},
                  "uuid": "2687c448-de52-47b0-80a4-6bd588aa8080",
                  "parentUUID": "6fefcbb7-c5dd-4678-b3e8-28ff0a332c74",
                  "isHook": true,
                  "skipped": false
                }
              ],
              "afterHooks": [
                {
                  "title": "\"after each\" hook in \"Firefox\"",
                  "fullTitle": "Tugas Sesi 10 Firefox \"after each\" hook in \"Firefox\"",
                  "timedOut": false,
                  "duration": 858,
                  "state": null,
                  "speed": null,
                  "pass": false,
                  "fail": false,
                  "pending": false,
                  "context": null,
                  "code": "driver.quit()",
                  "err": {},
                  "uuid": "bcbbbbdf-005f-49d1-9021-b364801eccdd",
                  "parentUUID": "6fefcbb7-c5dd-4678-b3e8-28ff0a332c74",
                  "isHook": true,
                  "skipped": false
                }
              ],
              "tests": [
                {
                  "title": "sukses login ke web SauceDemo di browser Firefox",
                  "fullTitle": "Tugas Sesi 10 Firefox sukses login ke web SauceDemo di browser Firefox",
                  "timedOut": false,
                  "duration": 4,
                  "state": "passed",
                  "speed": "fast",
                  "pass": true,
                  "fail": false,
                  "pending": false,
                  "context": null,
                  "code": "assert.ok((await driver.getCurrentUrl()).includes('inventory'))",
                  "err": {},
                  "uuid": "b063baf6-af6c-4532-b38c-80a18a52d8c0",
                  "parentUUID": "6fefcbb7-c5dd-4678-b3e8-28ff0a332c74",
                  "isHook": false,
                  "skipped": false
                }
              ],
              "suites": [],
              "passes": [
                "b063baf6-af6c-4532-b38c-80a18a52d8c0"
              ],
              "failures": [],
              "pending": [],
              "skipped": [],
              "duration": 4,
              "root": false,
              "rootEmpty": false,
              "_timeout": 60000
            }
          ],
          "passes": [],
          "failures": [],
          "pending": [],
          "skipped": [],
          "duration": 0,
          "root": false,
          "rootEmpty": false,
          "_timeout": 60000
        },
        {
          "uuid": "bacbd92d-d28e-4c96-91d7-611d958aa381",
          "title": "Sorting Z to A",
          "fullFile": "D:\\Bootcamp Digital Skola\\DigitalSkolaQA\\Tugas_Sesi_9\\WEB UI Automation - Robby\\test\\Sesi_10\\sort.test.js",
          "file": "\\test\\Sesi_10\\sort.test.js",
          "beforeHooks": [],
          "afterHooks": [],
          "tests": [],
          "suites": [
            {
              "uuid": "35a77cd7-7f70-4f5b-a3c7-9f2d8ca1e774",
              "title": "Chrome",
              "fullFile": "D:\\Bootcamp Digital Skola\\DigitalSkolaQA\\Tugas_Sesi_9\\WEB UI Automation - Robby\\test\\Sesi_10\\sort.test.js",
              "file": "\\test\\Sesi_10\\sort.test.js",
              "beforeHooks": [
                {
                  "title": "\"before each\" hook in \"Chrome\"",
                  "fullTitle": "Sorting Z to A Chrome \"before each\" hook in \"Chrome\"",
                  "timedOut": false,
                  "duration": 1619,
                  "state": null,
                  "speed": null,
                  "pass": false,
                  "fail": false,
                  "pending": false,
                  "context": null,
                  "code": "driver = await new Builder().forBrowser('chrome').setChromeOptions(new chrome.Options().addArguments('--headless')).build()\nawait login(driver)",
                  "err": {},
                  "uuid": "7fdeb09a-e5f3-4837-a44d-0925e90f496a",
                  "parentUUID": "35a77cd7-7f70-4f5b-a3c7-9f2d8ca1e774",
                  "isHook": true,
                  "skipped": false
                }
              ],
              "afterHooks": [
                {
                  "title": "\"after each\" hook in \"Chrome\"",
                  "fullTitle": "Sorting Z to A Chrome \"after each\" hook in \"Chrome\"",
                  "timedOut": false,
                  "duration": 46,
                  "state": null,
                  "speed": null,
                  "pass": false,
                  "fail": false,
                  "pending": false,
                  "context": null,
                  "code": "driver.quit()",
                  "err": {},
                  "uuid": "d44968aa-0c14-4807-b447-cf9904a04a2d",
                  "parentUUID": "35a77cd7-7f70-4f5b-a3c7-9f2d8ca1e774",
                  "isHook": true,
                  "skipped": false
                }
              ],
              "tests": [
                {
                  "title": "urutan Z -> A benar",
                  "fullTitle": "Sorting Z to A Chrome urutan Z -> A benar",
                  "timedOut": false,
                  "duration": 630,
                  "state": "passed",
                  "speed": "slow",
                  "pass": true,
                  "fail": false,
                  "pending": false,
                  "context": null,
                  "code": "await driver.findElement(By.css('.product_sort_container')).sendKeys('Name (Z to A)')\nawait driver.sleep(500)\nconst names = await Promise.all((await driver.findElements(By.css('.inventory_item_name'))).map(el => el.getText()))\nconst expected = [...names].sort().reverse()\nassert.deepStrictEqual(names, expected)",
                  "err": {},
                  "uuid": "3b1efe12-ef5f-4e21-887d-bdba4f5ecc24",
                  "parentUUID": "35a77cd7-7f70-4f5b-a3c7-9f2d8ca1e774",
                  "isHook": false,
                  "skipped": false
                }
              ],
              "suites": [],
              "passes": [
                "3b1efe12-ef5f-4e21-887d-bdba4f5ecc24"
              ],
              "failures": [],
              "pending": [],
              "skipped": [],
              "duration": 630,
              "root": false,
              "rootEmpty": false,
              "_timeout": 60000
            },
            {
              "uuid": "be5bce0b-b50d-4c3b-8e50-474c50516636",
              "title": "Firefox",
              "fullFile": "D:\\Bootcamp Digital Skola\\DigitalSkolaQA\\Tugas_Sesi_9\\WEB UI Automation - Robby\\test\\Sesi_10\\sort.test.js",
              "file": "\\test\\Sesi_10\\sort.test.js",
              "beforeHooks": [
                {
                  "title": "\"before each\" hook in \"Firefox\"",
                  "fullTitle": "Sorting Z to A Firefox \"before each\" hook in \"Firefox\"",
                  "timedOut": false,
                  "duration": 2898,
                  "state": null,
                  "speed": null,
                  "pass": false,
                  "fail": false,
                  "pending": false,
                  "context": null,
                  "code": "driver = await new Builder().forBrowser('firefox').setFirefoxOptions(new firefox.Options().addArguments('-headless')).build()\nawait login(driver)",
                  "err": {},
                  "uuid": "24b4848d-ac05-49ef-8add-9e035f94a4e5",
                  "parentUUID": "be5bce0b-b50d-4c3b-8e50-474c50516636",
                  "isHook": true,
                  "skipped": false
                }
              ],
              "afterHooks": [
                {
                  "title": "\"after each\" hook in \"Firefox\"",
                  "fullTitle": "Sorting Z to A Firefox \"after each\" hook in \"Firefox\"",
                  "timedOut": false,
                  "duration": 857,
                  "state": null,
                  "speed": null,
                  "pass": false,
                  "fail": false,
                  "pending": false,
                  "context": null,
                  "code": "driver.quit()",
                  "err": {},
                  "uuid": "dc07d20e-faa2-4581-8e8b-930c3453f235",
                  "parentUUID": "be5bce0b-b50d-4c3b-8e50-474c50516636",
                  "isHook": true,
                  "skipped": false
                }
              ],
              "tests": [
                {
                  "title": "urutan Z -> A benar",
                  "fullTitle": "Sorting Z to A Firefox urutan Z -> A benar",
                  "timedOut": false,
                  "duration": 679,
                  "state": "passed",
                  "speed": "slow",
                  "pass": true,
                  "fail": false,
                  "pending": false,
                  "context": null,
                  "code": "await driver.findElement(By.css('.product_sort_container')).sendKeys('Name (Z to A)')\nawait driver.sleep(500)\nconst names = await Promise.all((await driver.findElements(By.css('.inventory_item_name'))).map(el => el.getText()))\nconst expected = [...names].sort().reverse()\nassert.deepStrictEqual(names, expected)",
                  "err": {},
                  "uuid": "d846cfc3-223d-4de2-b352-4af6808f9805",
                  "parentUUID": "be5bce0b-b50d-4c3b-8e50-474c50516636",
                  "isHook": false,
                  "skipped": false
                }
              ],
              "suites": [],
              "passes": [
                "d846cfc3-223d-4de2-b352-4af6808f9805"
              ],
              "failures": [],
              "pending": [],
              "skipped": [],
              "duration": 679,
              "root": false,
              "rootEmpty": false,
              "_timeout": 60000
            }
          ],
          "passes": [],
          "failures": [],
          "pending": [],
          "skipped": [],
          "duration": 0,
          "root": false,
          "rootEmpty": false,
          "_timeout": 60000
        }
      ],
      "passes": [],
      "failures": [],
      "pending": [],
      "skipped": [],
      "duration": 0,
      "root": true,
      "rootEmpty": true,
      "_timeout": 60000
    }
  ],
  "meta": {
    "mocha": {
      "version": "11.7.4"
    },
    "mochawesome": {
      "options": {
        "quiet": false,
        "reportFilename": "mochawesome",
        "saveHtml": true,
        "saveJson": true,
        "consoleReporter": "spec",
        "useInlineDiffs": false,
        "code": true
      },
      "version": "7.1.4"
    },
    "marge": {
      "options": null,
      "version": "6.3.0"
    }
  }
}